TN:
SF:app.js
FN:60,(anonymous_0)
FN:81,(anonymous_1)
FN:104,(anonymous_2)
FN:127,(anonymous_3)
FN:151,(anonymous_4)
FN:180,(anonymous_5)
FN:209,(anonymous_6)
FN:232,(anonymous_7)
FN:255,(anonymous_8)
FN:272,(anonymous_9)
FN:307,(anonymous_10)
FN:330,(anonymous_11)
FN:344,(anonymous_12)
FN:368,(anonymous_13)
FN:394,(anonymous_14)
FN:410,(anonymous_15)
FN:438,(anonymous_16)
FN:454,(anonymous_17)
FN:471,(anonymous_18)
FN:481,(anonymous_19)
FN:489,(anonymous_20)
FNF:21
FNH:11
FNDA:1,(anonymous_0)
FNDA:2,(anonymous_1)
FNDA:1,(anonymous_2)
FNDA:0,(anonymous_3)
FNDA:2,(anonymous_4)
FNDA:1,(anonymous_5)
FNDA:0,(anonymous_6)
FNDA:0,(anonymous_7)
FNDA:0,(anonymous_8)
FNDA:3,(anonymous_9)
FNDA:0,(anonymous_10)
FNDA:0,(anonymous_11)
FNDA:2,(anonymous_12)
FNDA:1,(anonymous_13)
FNDA:0,(anonymous_14)
FNDA:0,(anonymous_15)
FNDA:1,(anonymous_16)
FNDA:0,(anonymous_17)
FNDA:0,(anonymous_18)
FNDA:1,(anonymous_19)
FNDA:1,(anonymous_20)
DA:12,1
DA:14,1
DA:15,1
DA:18,1
DA:31,1
DA:42,1
DA:45,1
DA:53,1
DA:56,1
DA:57,1
DA:60,1
DA:61,1
DA:75,1
DA:76,1
DA:77,1
DA:78,1
DA:81,1
DA:82,2
DA:83,2
DA:85,2
DA:86,1
DA:92,1
DA:93,1
DA:96,0
DA:97,0
DA:104,1
DA:105,1
DA:106,1
DA:108,1
DA:109,1
DA:115,0
DA:116,0
DA:119,0
DA:120,0
DA:127,1
DA:128,0
DA:129,0
DA:131,0
DA:132,0
DA:138,0
DA:139,0
DA:142,0
DA:143,0
DA:151,1
DA:152,2
DA:153,2
DA:155,2
DA:156,1
DA:162,1
DA:169,1
DA:172,0
DA:173,0
DA:180,1
DA:181,1
DA:182,1
DA:184,1
DA:185,1
DA:191,0
DA:198,0
DA:201,0
DA:202,0
DA:209,1
DA:210,0
DA:211,0
DA:213,0
DA:214,0
DA:220,0
DA:221,0
DA:224,0
DA:225,0
DA:232,1
DA:233,0
DA:234,0
DA:236,0
DA:237,0
DA:243,0
DA:244,0
DA:247,0
DA:248,0
DA:255,1
DA:256,0
DA:257,0
DA:259,0
DA:260,0
DA:263,0
DA:264,0
DA:272,1
DA:273,3
DA:274,3
DA:276,3
DA:277,1
DA:283,2
DA:284,1
DA:290,1
DA:296,1
DA:299,0
DA:300,0
DA:307,1
DA:308,0
DA:309,0
DA:311,0
DA:312,0
DA:318,0
DA:319,0
DA:322,0
DA:323,0
DA:330,1
DA:331,0
DA:332,0
DA:333,0
DA:336,0
DA:337,0
DA:344,1
DA:345,2
DA:346,2
DA:348,2
DA:349,1
DA:355,1
DA:356,1
DA:359,0
DA:360,0
DA:368,1
DA:369,1
DA:370,1
DA:372,1
DA:377,1
DA:383,1
DA:386,0
DA:387,0
DA:394,1
DA:395,0
DA:396,0
DA:398,0
DA:399,0
DA:402,0
DA:403,0
DA:410,1
DA:411,0
DA:412,0
DA:414,0
DA:415,0
DA:421,0
DA:427,0
DA:430,0
DA:431,0
DA:438,1
DA:439,1
DA:440,1
DA:442,1
DA:443,1
DA:446,0
DA:447,0
DA:454,1
DA:455,0
DA:456,0
DA:458,0
DA:459,0
DA:462,0
DA:463,0
DA:471,1
DA:472,0
DA:473,0
DA:481,1
DA:482,1
DA:489,1
DA:490,1
DA:491,1
DA:492,1
DA:493,1
DA:494,1
LF:170
LH:85
BRDA:15,0,0,1
BRDA:15,0,1,0
BRDA:32,1,0,1
BRDA:32,1,1,0
BRDA:85,2,0,1
BRDA:85,2,1,1
BRDA:108,3,0,1
BRDA:108,3,1,0
BRDA:108,4,0,1
BRDA:108,4,1,1
BRDA:131,5,0,0
BRDA:131,5,1,0
BRDA:131,6,0,0
BRDA:131,6,1,0
BRDA:131,6,2,0
BRDA:155,7,0,1
BRDA:155,7,1,1
BRDA:155,8,0,2
BRDA:155,8,1,1
BRDA:155,8,2,1
BRDA:184,9,0,1
BRDA:184,9,1,0
BRDA:184,10,0,1
BRDA:184,10,1,1
BRDA:213,11,0,0
BRDA:213,11,1,0
BRDA:236,12,0,0
BRDA:236,12,1,0
BRDA:276,13,0,1
BRDA:276,13,1,2
BRDA:276,14,0,3
BRDA:276,14,1,2
BRDA:276,14,2,2
BRDA:283,15,0,1
BRDA:283,15,1,1
BRDA:283,16,0,2
BRDA:283,16,1,1
BRDA:283,16,2,1
BRDA:311,17,0,0
BRDA:311,17,1,0
BRDA:311,18,0,0
BRDA:311,18,1,0
BRDA:348,19,0,1
BRDA:348,19,1,1
BRDA:348,20,0,2
BRDA:348,20,1,1
BRDA:372,21,0,1
BRDA:372,21,1,0
BRDA:372,22,0,1
BRDA:372,22,1,1
BRDA:378,23,0,1
BRDA:378,23,1,1
BRDA:379,24,0,1
BRDA:379,24,1,0
BRDA:414,25,0,0
BRDA:414,25,1,0
BRDA:414,26,0,0
BRDA:414,26,1,0
BRDA:476,27,0,0
BRDA:476,27,1,0
BRDA:491,28,0,1
BRDA:491,28,1,0
BRDA:493,29,0,1
BRDA:493,29,1,0
BRF:64
BRH:37
end_of_record
TN:
SF:src/mcp/client-clean.js
FN:4,(anonymous_0)
FN:23,(anonymous_1)
FN:71,(anonymous_2)
FN:72,(anonymous_3)
FN:76,(anonymous_4)
FN:87,(anonymous_5)
FN:104,(anonymous_6)
FN:109,(anonymous_7)
FN:115,(anonymous_8)
FN:124,getMCPClient
FNF:10
FNH:0
FNDA:0,(anonymous_0)
FNDA:0,(anonymous_1)
FNDA:0,(anonymous_2)
FNDA:0,(anonymous_3)
FNDA:0,(anonymous_4)
FNDA:0,(anonymous_5)
FNDA:0,(anonymous_6)
FNDA:0,(anonymous_7)
FNDA:0,(anonymous_8)
FNDA:0,getMCPClient
DA:5,0
DA:6,0
DA:7,0
DA:8,0
DA:9,0
DA:10,0
DA:13,0
DA:24,0
DA:25,0
DA:27,0
DA:28,0
DA:29,0
DA:31,0
DA:37,0
DA:38,0
DA:39,0
DA:42,0
DA:45,0
DA:46,0
DA:47,0
DA:49,0
DA:51,0
DA:52,0
DA:53,0
DA:54,0
DA:55,0
DA:59,0
DA:60,0
DA:66,0
DA:67,0
DA:68,0
DA:72,0
DA:77,0
DA:78,0
DA:79,0
DA:81,0
DA:82,0
DA:88,0
DA:91,0
DA:92,0
DA:94,0
DA:95,0
DA:97,0
DA:98,0
DA:101,0
DA:105,0
DA:106,0
DA:110,0
DA:111,0
DA:112,0
DA:116,0
DA:117,0
DA:122,0
DA:125,0
LF:54
LH:0
BRDA:5,0,0,0
BRDA:5,0,1,0
BRDA:18,1,0,0
BRDA:18,1,1,0
BRDA:37,2,0,0
BRDA:37,2,1,0
BRDA:37,3,0,0
BRDA:37,3,1,0
BRDA:46,4,0,0
BRDA:46,4,1,0
BRDA:47,5,0,0
BRDA:47,5,1,0
BRDA:51,6,0,0
BRDA:51,6,1,0
BRDA:51,7,0,0
BRDA:51,7,1,0
BRDA:51,7,2,0
BRDA:59,8,0,0
BRDA:59,8,1,0
BRDA:59,9,0,0
BRDA:59,9,1,0
BRDA:59,9,2,0
BRDA:66,10,0,0
BRDA:66,10,1,0
BRDA:66,10,2,0
BRDA:91,11,0,0
BRDA:91,11,1,0
BRDA:94,12,0,0
BRDA:94,12,1,0
BRDA:97,13,0,0
BRDA:97,13,1,0
BRDA:105,14,0,0
BRDA:105,14,1,0
BRDA:105,15,0,0
BRDA:105,15,1,0
BRDA:110,16,0,0
BRDA:110,16,1,0
BRDA:110,17,0,0
BRDA:110,17,1,0
BRDA:116,18,0,0
BRDA:116,18,1,0
BRDA:116,19,0,0
BRDA:116,19,1,0
BRF:43
BRH:0
end_of_record
TN:
SF:src/mcp/client.js
FN:4,(anonymous_0)
FN:23,(anonymous_1)
FN:71,(anonymous_2)
FN:72,(anonymous_3)
FN:76,(anonymous_4)
FN:87,(anonymous_5)
FN:104,(anonymous_6)
FN:109,(anonymous_7)
FN:115,(anonymous_8)
FN:124,getMCPClient
FNF:10
FNH:5
FNDA:1,(anonymous_0)
FNDA:6,(anonymous_1)
FNDA:12,(anonymous_2)
FNDA:12,(anonymous_3)
FNDA:0,(anonymous_4)
FNDA:0,(anonymous_5)
FNDA:0,(anonymous_6)
FNDA:0,(anonymous_7)
FNDA:0,(anonymous_8)
FNDA:4,getMCPClient
DA:5,1
DA:6,1
DA:7,1
DA:8,1
DA:9,1
DA:10,1
DA:13,1
DA:24,6
DA:25,6
DA:27,6
DA:28,18
DA:29,18
DA:31,18
DA:37,0
DA:38,0
DA:39,0
DA:42,0
DA:45,18
DA:46,18
DA:47,18
DA:49,18
DA:51,18
DA:52,12
DA:53,12
DA:54,12
DA:55,12
DA:59,6
DA:60,0
DA:66,6
DA:67,6
DA:68,6
DA:72,12
DA:77,0
DA:78,0
DA:79,0
DA:81,0
DA:82,0
DA:88,0
DA:91,0
DA:92,0
DA:94,0
DA:95,0
DA:97,0
DA:98,0
DA:101,0
DA:105,0
DA:106,0
DA:110,0
DA:111,0
DA:112,0
DA:116,0
DA:117,0
DA:122,1
DA:125,4
LF:54
LH:29
BRDA:5,0,0,1
BRDA:5,0,1,0
BRDA:18,1,0,1
BRDA:18,1,1,0
BRDA:37,2,0,0
BRDA:37,2,1,0
BRDA:37,3,0,0
BRDA:37,3,1,0
BRDA:46,4,0,18
BRDA:46,4,1,18
BRDA:47,5,0,18
BRDA:47,5,1,18
BRDA:51,6,0,12
BRDA:51,6,1,6
BRDA:51,7,0,18
BRDA:51,7,1,12
BRDA:51,7,2,12
BRDA:59,8,0,0
BRDA:59,8,1,6
BRDA:59,9,0,6
BRDA:59,9,1,0
BRDA:59,9,2,0
BRDA:66,10,0,6
BRDA:66,10,1,6
BRDA:66,10,2,0
BRDA:91,11,0,0
BRDA:91,11,1,0
BRDA:94,12,0,0
BRDA:94,12,1,0
BRDA:97,13,0,0
BRDA:97,13,1,0
BRDA:105,14,0,0
BRDA:105,14,1,0
BRDA:105,15,0,0
BRDA:105,15,1,0
BRDA:110,16,0,0
BRDA:110,16,1,0
BRDA:110,17,0,0
BRDA:110,17,1,0
BRDA:116,18,0,0
BRDA:116,18,1,0
BRDA:116,19,0,0
BRDA:116,19,1,0
BRF:43
BRH:15
end_of_record
TN:
SF:src/services/appointmentService-clean.js
FN:4,(anonymous_0)
FN:8,(anonymous_1)
FN:36,(anonymous_2)
FN:70,(anonymous_3)
FN:100,(anonymous_4)
FN:123,(anonymous_5)
FN:162,(anonymous_6)
FN:193,(anonymous_7)
FNF:8
FNH:0
FNDA:0,(anonymous_0)
FNDA:0,(anonymous_1)
FNDA:0,(anonymous_2)
FNDA:0,(anonymous_3)
FNDA:0,(anonymous_4)
FNDA:0,(anonymous_5)
FNDA:0,(anonymous_6)
FNDA:0,(anonymous_7)
DA:5,0
DA:9,0
DA:10,0
DA:18,0
DA:20,0
DA:21,0
DA:28,0
DA:31,0
DA:32,0
DA:37,0
DA:38,0
DA:63,0
DA:71,0
DA:72,0
DA:80,0
DA:82,0
DA:83,0
DA:92,0
DA:95,0
DA:96,0
DA:101,0
DA:102,0
DA:105,0
DA:106,0
DA:114,0
DA:124,0
DA:125,0
DA:131,0
DA:133,0
DA:134,0
DA:140,0
DA:143,0
DA:146,0
DA:147,0
DA:148,0
DA:149,0
DA:155,0
DA:163,0
DA:164,0
DA:170,0
DA:172,0
DA:173,0
DA:180,0
DA:183,0
DA:185,0
DA:194,0
DA:195,0
DA:200,0
DA:202,0
DA:203,0
DA:210,0
DA:213,0
DA:216,0
DA:228,0
LF:54
LH:0
BRDA:20,0,0,0
BRDA:20,0,1,0
BRDA:20,1,0,0
BRDA:20,1,1,0
BRDA:23,2,0,0
BRDA:23,2,1,0
BRDA:41,3,0,0
BRDA:41,3,1,0
BRDA:43,4,0,0
BRDA:43,4,1,0
BRDA:47,5,0,0
BRDA:47,5,1,0
BRDA:52,6,0,0
BRDA:52,6,1,0
BRDA:54,7,0,0
BRDA:54,7,1,0
BRDA:58,8,0,0
BRDA:58,8,1,0
BRDA:82,9,0,0
BRDA:82,9,1,0
BRDA:82,10,0,0
BRDA:82,10,1,0
BRDA:105,11,0,0
BRDA:105,11,1,0
BRDA:133,12,0,0
BRDA:133,12,1,0
BRDA:133,13,0,0
BRDA:133,13,1,0
BRDA:146,14,0,0
BRDA:146,14,1,0
BRDA:147,15,0,0
BRDA:147,15,1,0
BRDA:166,16,0,0
BRDA:166,16,1,0
BRDA:172,17,0,0
BRDA:172,17,1,0
BRDA:172,18,0,0
BRDA:172,18,1,0
BRDA:187,19,0,0
BRDA:187,19,1,0
BRDA:202,20,0,0
BRDA:202,20,1,0
BRDA:202,21,0,0
BRDA:202,21,1,0
BRDA:205,22,0,0
BRDA:205,22,1,0
BRF:46
BRH:0
end_of_record
TN:
SF:src/services/appointmentService.js
FN:4,(anonymous_0)
FN:8,(anonymous_1)
FN:36,(anonymous_2)
FN:70,(anonymous_3)
FN:100,(anonymous_4)
FN:123,(anonymous_5)
FN:162,(anonymous_6)
FN:193,(anonymous_7)
FNF:8
FNH:3
FNDA:1,(anonymous_0)
FNDA:1,(anonymous_1)
FNDA:1,(anonymous_2)
FNDA:0,(anonymous_3)
FNDA:0,(anonymous_4)
FNDA:0,(anonymous_5)
FNDA:0,(anonymous_6)
FNDA:0,(anonymous_7)
DA:5,1
DA:9,1
DA:10,1
DA:18,1
DA:20,0
DA:21,0
DA:28,0
DA:31,1
DA:32,1
DA:37,1
DA:38,1
DA:63,1
DA:71,0
DA:72,0
DA:80,0
DA:82,0
DA:83,0
DA:92,0
DA:95,0
DA:96,0
DA:101,0
DA:102,0
DA:105,0
DA:106,0
DA:114,0
DA:124,0
DA:125,0
DA:131,0
DA:133,0
DA:134,0
DA:140,0
DA:143,0
DA:146,0
DA:147,0
DA:148,0
DA:149,0
DA:155,0
DA:163,0
DA:164,0
DA:170,0
DA:172,0
DA:173,0
DA:180,0
DA:183,0
DA:185,0
DA:194,0
DA:195,0
DA:200,0
DA:202,0
DA:203,0
DA:210,0
DA:213,0
DA:216,0
DA:228,0
LF:54
LH:9
BRDA:20,0,0,0
BRDA:20,0,1,0
BRDA:20,1,0,0
BRDA:20,1,1,0
BRDA:23,2,0,0
BRDA:23,2,1,0
BRDA:41,3,0,1
BRDA:41,3,1,1
BRDA:43,4,0,1
BRDA:43,4,1,0
BRDA:47,5,0,1
BRDA:47,5,1,0
BRDA:52,6,0,1
BRDA:52,6,1,1
BRDA:54,7,0,1
BRDA:54,7,1,0
BRDA:58,8,0,1
BRDA:58,8,1,0
BRDA:82,9,0,0
BRDA:82,9,1,0
BRDA:82,10,0,0
BRDA:82,10,1,0
BRDA:105,11,0,0
BRDA:105,11,1,0
BRDA:133,12,0,0
BRDA:133,12,1,0
BRDA:133,13,0,0
BRDA:133,13,1,0
BRDA:146,14,0,0
BRDA:146,14,1,0
BRDA:147,15,0,0
BRDA:147,15,1,0
BRDA:166,16,0,0
BRDA:166,16,1,0
BRDA:172,17,0,0
BRDA:172,17,1,0
BRDA:172,18,0,0
BRDA:172,18,1,0
BRDA:187,19,0,0
BRDA:187,19,1,0
BRDA:202,20,0,0
BRDA:202,20,1,0
BRDA:202,21,0,0
BRDA:202,21,1,0
BRDA:205,22,0,0
BRDA:205,22,1,0
BRF:46
BRH:8
end_of_record
TN:
SF:src/services/ehrService-clean.js
FN:4,(anonymous_0)
FN:8,(anonymous_1)
FN:35,(anonymous_2)
FN:74,(anonymous_3)
FN:127,(anonymous_4)
FN:175,(anonymous_5)
FN:202,(anonymous_6)
FN:251,(anonymous_7)
FNF:8
FNH:0
FNDA:0,(anonymous_0)
FNDA:0,(anonymous_1)
FNDA:0,(anonymous_2)
FNDA:0,(anonymous_3)
FNDA:0,(anonymous_4)
FNDA:0,(anonymous_5)
FNDA:0,(anonymous_6)
FNDA:0,(anonymous_7)
DA:5,0
DA:9,0
DA:10,0
DA:17,0
DA:19,0
DA:20,0
DA:27,0
DA:30,0
DA:31,0
DA:36,0
DA:67,0
DA:75,0
DA:76,0
DA:81,0
DA:83,0
DA:84,0
DA:92,0
DA:95,0
DA:97,0
DA:112,0
DA:118,0
DA:128,0
DA:129,0
DA:137,0
DA:139,0
DA:140,0
DA:148,0
DA:151,0
DA:153,0
DA:154,0
DA:157,0
DA:158,0
DA:166,0
DA:176,0
DA:177,0
DA:184,0
DA:186,0
DA:187,0
DA:194,0
DA:197,0
DA:198,0
DA:203,0
DA:244,0
DA:252,0
DA:253,0
DA:258,0
DA:260,0
DA:261,0
DA:268,0
DA:271,0
DA:273,0
DA:299,0
LF:52
LH:0
BRDA:19,0,0,0
BRDA:19,0,1,0
BRDA:19,1,0,0
BRDA:19,1,1,0
BRDA:22,2,0,0
BRDA:22,2,1,0
BRDA:38,3,0,0
BRDA:38,3,1,0
BRDA:83,4,0,0
BRDA:83,4,1,0
BRDA:83,5,0,0
BRDA:83,5,1,0
BRDA:86,6,0,0
BRDA:86,6,1,0
BRDA:87,7,0,0
BRDA:87,7,1,0
BRDA:132,8,0,0
BRDA:132,8,1,0
BRDA:139,9,0,0
BRDA:139,9,1,0
BRDA:139,10,0,0
BRDA:139,10,1,0
BRDA:157,11,0,0
BRDA:157,11,1,0
BRDA:186,12,0,0
BRDA:186,12,1,0
BRDA:186,13,0,0
BRDA:186,13,1,0
BRDA:260,14,0,0
BRDA:260,14,1,0
BRDA:260,15,0,0
BRDA:260,15,1,0
BRF:32
BRH:0
end_of_record
TN:
SF:src/services/ehrService.js
FN:4,(anonymous_0)
FN:8,(anonymous_1)
FN:35,(anonymous_2)
FN:74,(anonymous_3)
FN:127,(anonymous_4)
FN:175,(anonymous_5)
FN:202,(anonymous_6)
FN:251,(anonymous_7)
FNF:8
FNH:5
FNDA:1,(anonymous_0)
FNDA:1,(anonymous_1)
FNDA:1,(anonymous_2)
FNDA:0,(anonymous_3)
FNDA:0,(anonymous_4)
FNDA:1,(anonymous_5)
FNDA:1,(anonymous_6)
FNDA:0,(anonymous_7)
DA:5,1
DA:9,1
DA:10,1
DA:17,1
DA:19,0
DA:20,0
DA:27,0
DA:30,1
DA:31,1
DA:36,1
DA:67,1
DA:75,0
DA:76,0
DA:81,0
DA:83,0
DA:84,0
DA:92,0
DA:95,0
DA:97,0
DA:112,0
DA:118,0
DA:128,0
DA:129,0
DA:137,0
DA:139,0
DA:140,0
DA:148,0
DA:151,0
DA:153,0
DA:154,0
DA:157,0
DA:158,0
DA:166,0
DA:176,1
DA:177,1
DA:184,1
DA:186,0
DA:187,0
DA:194,0
DA:197,1
DA:198,1
DA:203,1
DA:244,1
DA:252,0
DA:253,0
DA:258,0
DA:260,0
DA:261,0
DA:268,0
DA:271,0
DA:273,0
DA:299,0
LF:52
LH:15
BRDA:19,0,0,0
BRDA:19,0,1,0
BRDA:19,1,0,0
BRDA:19,1,1,0
BRDA:22,2,0,0
BRDA:22,2,1,0
BRDA:38,3,0,1
BRDA:38,3,1,1
BRDA:83,4,0,0
BRDA:83,4,1,0
BRDA:83,5,0,0
BRDA:83,5,1,0
BRDA:86,6,0,0
BRDA:86,6,1,0
BRDA:87,7,0,0
BRDA:87,7,1,0
BRDA:132,8,0,0
BRDA:132,8,1,0
BRDA:139,9,0,0
BRDA:139,9,1,0
BRDA:139,10,0,0
BRDA:139,10,1,0
BRDA:157,11,0,0
BRDA:157,11,1,0
BRDA:186,12,0,0
BRDA:186,12,1,0
BRDA:186,13,0,0
BRDA:186,13,1,0
BRDA:260,14,0,0
BRDA:260,14,1,0
BRDA:260,15,0,0
BRDA:260,15,1,0
BRF:32
BRH:2
end_of_record
TN:
SF:src/services/otpService-clean.js
FN:5,(anonymous_0)
FN:13,(anonymous_1)
FN:42,(anonymous_2)
FN:91,(anonymous_3)
FN:115,(anonymous_4)
FN:162,(anonymous_5)
FN:191,(anonymous_6)
FN:220,(anonymous_7)
FNF:8
FNH:0
FNDA:0,(anonymous_0)
FNDA:0,(anonymous_1)
FNDA:0,(anonymous_2)
FNDA:0,(anonymous_3)
FNDA:0,(anonymous_4)
FNDA:0,(anonymous_5)
FNDA:0,(anonymous_6)
FNDA:0,(anonymous_7)
DA:6,0
DA:7,0
DA:10,0
DA:14,0
DA:16,0
DA:22,0
DA:24,0
DA:25,0
DA:26,0
DA:34,0
DA:37,0
DA:38,0
DA:43,0
DA:45,0
DA:46,0
DA:49,0
DA:57,0
DA:60,0
DA:61,0
DA:63,0
DA:69,0
DA:71,0
DA:74,0
DA:82,0
DA:83,0
DA:92,0
DA:94,0
DA:100,0
DA:101,0
DA:107,0
DA:110,0
DA:111,0
DA:116,0
DA:118,0
DA:119,0
DA:126,0
DA:127,0
DA:128,0
DA:135,0
DA:136,0
DA:137,0
DA:144,0
DA:147,0
DA:148,0
DA:149,0
DA:150,0
DA:155,0
DA:163,0
DA:165,0
DA:173,0
DA:175,0
DA:176,0
DA:183,0
DA:186,0
DA:187,0
DA:192,0
DA:193,0
DA:194,0
DA:200,0
DA:202,0
DA:205,0
DA:212,0
DA:213,0
DA:221,0
DA:222,0
LF:65
LH:0
BRDA:7,0,0,0
BRDA:7,0,1,0
BRDA:24,1,0,0
BRDA:24,1,1,0
BRDA:24,2,0,0
BRDA:24,2,1,0
BRDA:60,3,0,0
BRDA:60,3,1,0
BRDA:60,4,0,0
BRDA:60,4,1,0
BRDA:100,5,0,0
BRDA:100,5,1,0
BRDA:100,6,0,0
BRDA:100,6,1,0
BRDA:103,7,0,0
BRDA:103,7,1,0
BRDA:118,8,0,0
BRDA:118,8,1,0
BRDA:126,9,0,0
BRDA:126,9,1,0
BRDA:135,10,0,0
BRDA:135,10,1,0
BRDA:147,11,0,0
BRDA:147,11,1,0
BRDA:175,12,0,0
BRDA:175,12,1,0
BRDA:175,13,0,0
BRDA:175,13,1,0
BRDA:193,14,0,0
BRDA:193,14,1,0
BRDA:193,15,0,0
BRDA:193,15,1,0
BRDA:193,15,2,0
BRDA:221,16,0,0
BRDA:221,16,1,0
BRDA:221,17,0,0
BRDA:221,17,1,0
BRF:37
BRH:0
end_of_record
TN:
SF:src/services/otpService.js
FN:5,(anonymous_0)
FN:33,(anonymous_1)
FN:62,(anonymous_2)
FN:111,(anonymous_3)
FN:135,(anonymous_4)
FN:182,(anonymous_5)
FN:211,(anonymous_6)
FN:240,(anonymous_7)
FNF:8
FNH:4
FNDA:1,(anonymous_0)
FNDA:1,(anonymous_1)
FNDA:1,(anonymous_2)
FNDA:0,(anonymous_3)
FNDA:0,(anonymous_4)
FNDA:0,(anonymous_5)
FNDA:0,(anonymous_6)
FNDA:1,(anonymous_7)
DA:6,1
DA:9,1
DA:10,1
DA:11,1
DA:12,1
DA:15,1
DA:16,0
DA:17,0
DA:18,0
DA:20,0
DA:21,0
DA:24,1
DA:27,0
DA:30,1
DA:34,1
DA:36,1
DA:42,1
DA:44,0
DA:45,0
DA:46,0
DA:54,0
DA:57,1
DA:58,1
DA:63,1
DA:65,1
DA:66,1
DA:69,1
DA:77,1
DA:80,1
DA:81,0
DA:83,0
DA:89,0
DA:91,1
DA:94,1
DA:102,0
DA:103,0
DA:112,0
DA:114,0
DA:120,0
DA:121,0
DA:127,0
DA:130,0
DA:131,0
DA:136,0
DA:138,0
DA:139,0
DA:146,0
DA:147,0
DA:148,0
DA:155,0
DA:156,0
DA:157,0
DA:164,0
DA:167,0
DA:168,0
DA:169,0
DA:170,0
DA:175,0
DA:183,0
DA:185,0
DA:193,0
DA:195,0
DA:196,0
DA:203,0
DA:206,0
DA:207,0
DA:212,0
DA:213,0
DA:214,0
DA:220,0
DA:222,0
DA:225,0
DA:232,0
DA:233,0
DA:241,1
DA:242,1
LF:76
LH:23
BRDA:10,0,0,1
BRDA:10,0,1,0
BRDA:10,1,0,1
BRDA:10,1,1,1
BRDA:15,2,0,0
BRDA:15,2,1,1
BRDA:15,3,0,1
BRDA:15,3,1,0
BRDA:44,4,0,0
BRDA:44,4,1,0
BRDA:44,5,0,0
BRDA:44,5,1,0
BRDA:80,6,0,0
BRDA:80,6,1,1
BRDA:80,7,0,1
BRDA:80,7,1,0
BRDA:120,8,0,0
BRDA:120,8,1,0
BRDA:120,9,0,0
BRDA:120,9,1,0
BRDA:123,10,0,0
BRDA:123,10,1,0
BRDA:138,11,0,0
BRDA:138,11,1,0
BRDA:146,12,0,0
BRDA:146,12,1,0
BRDA:155,13,0,0
BRDA:155,13,1,0
BRDA:167,14,0,0
BRDA:167,14,1,0
BRDA:195,15,0,0
BRDA:195,15,1,0
BRDA:195,16,0,0
BRDA:195,16,1,0
BRDA:213,17,0,0
BRDA:213,17,1,0
BRDA:213,18,0,0
BRDA:213,18,1,0
BRDA:213,18,2,0
BRDA:241,19,0,0
BRDA:241,19,1,1
BRDA:241,20,0,1
BRDA:241,20,1,1
BRF:43
BRH:10
end_of_record
TN:
SF:src/services/triageService-clean.js
FN:4,(anonymous_0)
FN:8,(anonymous_1)
FN:36,(anonymous_2)
FN:47,(anonymous_3)
FN:48,(anonymous_4)
FN:51,(anonymous_5)
FN:52,(anonymous_6)
FN:104,(anonymous_7)
FN:130,(anonymous_8)
FN:175,(anonymous_9)
FN:210,(anonymous_10)
FN:236,(anonymous_11)
FN:249,(anonymous_12)
FNF:13
FNH:0
FNDA:0,(anonymous_0)
FNDA:0,(anonymous_1)
FNDA:0,(anonymous_2)
FNDA:0,(anonymous_3)
FNDA:0,(anonymous_4)
FNDA:0,(anonymous_5)
FNDA:0,(anonymous_6)
FNDA:0,(anonymous_7)
FNDA:0,(anonymous_8)
FNDA:0,(anonymous_9)
FNDA:0,(anonymous_10)
FNDA:0,(anonymous_11)
FNDA:0,(anonymous_12)
DA:5,0
DA:9,0
DA:10,0
DA:17,0
DA:19,0
DA:20,0
DA:28,0
DA:31,0
DA:32,0
DA:37,0
DA:40,0
DA:41,0
DA:42,0
DA:44,0
DA:45,0
DA:47,0
DA:48,0
DA:51,0
DA:52,0
DA:55,0
DA:56,0
DA:57,0
DA:58,0
DA:63,0
DA:64,0
DA:65,0
DA:66,0
DA:72,0
DA:79,0
DA:88,0
DA:89,0
DA:96,0
DA:105,0
DA:111,0
DA:117,0
DA:123,0
DA:124,0
DA:126,0
DA:131,0
DA:132,0
DA:138,0
DA:140,0
DA:141,0
DA:148,0
DA:151,0
DA:154,0
DA:155,0
DA:156,0
DA:157,0
DA:158,0
DA:159,0
DA:161,0
DA:168,0
DA:176,0
DA:177,0
DA:181,0
DA:182,0
DA:189,0
DA:192,0
DA:194,0
DA:202,0
DA:211,0
DA:212,0
DA:218,0
DA:220,0
DA:221,0
DA:228,0
DA:231,0
DA:232,0
DA:237,0
DA:247,0
DA:248,0
DA:249,0
DA:252,0
LF:74
LH:0
BRDA:19,0,0,0
BRDA:19,0,1,0
BRDA:19,1,0,0
BRDA:19,1,1,0
BRDA:55,2,0,0
BRDA:55,2,1,0
BRDA:55,3,0,0
BRDA:55,3,1,0
BRDA:63,4,0,0
BRDA:63,4,1,0
BRDA:63,5,0,0
BRDA:63,5,1,0
BRDA:88,6,0,0
BRDA:88,6,1,0
BRDA:123,7,0,0
BRDA:123,7,1,0
BRDA:140,8,0,0
BRDA:140,8,1,0
BRDA:140,9,0,0
BRDA:140,9,1,0
BRDA:154,10,0,0
BRDA:154,10,1,0
BRDA:155,11,0,0
BRDA:155,11,1,0
BRDA:181,12,0,0
BRDA:181,12,1,0
BRDA:181,13,0,0
BRDA:181,13,1,0
BRDA:220,14,0,0
BRDA:220,14,1,0
BRDA:220,15,0,0
BRDA:220,15,1,0
BRF:32
BRH:0
end_of_record
TN:
SF:src/services/triageService.js
FN:4,(anonymous_0)
FN:8,(anonymous_1)
FN:36,(anonymous_2)
FN:47,(anonymous_3)
FN:48,(anonymous_4)
FN:51,(anonymous_5)
FN:52,(anonymous_6)
FN:104,(anonymous_7)
FN:130,(anonymous_8)
FN:175,(anonymous_9)
FN:210,(anonymous_10)
FN:236,(anonymous_11)
FN:249,(anonymous_12)
FNF:13
FNH:11
FNDA:1,(anonymous_0)
FNDA:1,(anonymous_1)
FNDA:1,(anonymous_2)
FNDA:2,(anonymous_3)
FNDA:8,(anonymous_4)
FNDA:2,(anonymous_5)
FNDA:6,(anonymous_6)
FNDA:1,(anonymous_7)
FNDA:0,(anonymous_8)
FNDA:0,(anonymous_9)
FNDA:1,(anonymous_10)
FNDA:1,(anonymous_11)
FNDA:29,(anonymous_12)
DA:5,1
DA:9,1
DA:10,1
DA:17,1
DA:19,0
DA:20,0
DA:28,0
DA:31,1
DA:32,1
DA:37,1
DA:40,1
DA:41,1
DA:42,1
DA:44,1
DA:45,1
DA:47,1
DA:48,8
DA:51,1
DA:52,6
DA:55,1
DA:56,0
DA:57,0
DA:58,0
DA:63,1
DA:64,1
DA:65,1
DA:66,1
DA:72,0
DA:79,1
DA:88,1
DA:89,1
DA:96,1
DA:105,1
DA:111,1
DA:117,1
DA:123,1
DA:124,0
DA:126,1
DA:131,0
DA:132,0
DA:138,0
DA:140,0
DA:141,0
DA:148,0
DA:151,0
DA:154,0
DA:155,0
DA:156,0
DA:157,0
DA:158,0
DA:159,0
DA:161,0
DA:168,0
DA:176,0
DA:177,0
DA:181,0
DA:182,0
DA:189,0
DA:192,0
DA:194,0
DA:202,0
DA:211,1
DA:212,1
DA:218,1
DA:220,0
DA:221,0
DA:228,0
DA:231,1
DA:232,1
DA:237,1
DA:247,1
DA:248,1
DA:249,29
DA:252,1
LF:74
LH:40
BRDA:19,0,0,0
BRDA:19,0,1,0
BRDA:19,1,0,0
BRDA:19,1,1,0
BRDA:55,2,0,0
BRDA:55,2,1,1
BRDA:55,3,0,1
BRDA:55,3,1,1
BRDA:63,4,0,1
BRDA:63,4,1,0
BRDA:63,5,0,1
BRDA:63,5,1,1
BRDA:88,6,0,1
BRDA:88,6,1,1
BRDA:123,7,0,0
BRDA:123,7,1,1
BRDA:140,8,0,0
BRDA:140,8,1,0
BRDA:140,9,0,0
BRDA:140,9,1,0
BRDA:154,10,0,0
BRDA:154,10,1,0
BRDA:155,11,0,0
BRDA:155,11,1,0
BRDA:181,12,0,0
BRDA:181,12,1,0
BRDA:181,13,0,0
BRDA:181,13,1,0
BRDA:220,14,0,0
BRDA:220,14,1,0
BRDA:220,15,0,0
BRDA:220,15,1,0
BRF:32
BRH:9
end_of_record
